0 info it worked if it ends with ok
1 verbose cli [ 'node', '/usr/local/bin/npm', 'install', '-g', 'bower' ]
2 info using npm@2.12.1
3 info using node@v0.12.6
4 verbose node symlink /usr/local/bin/node
5 verbose install initial load of /usr/local/lib/package.json
6 verbose readDependencies loading dependencies from /usr/local/lib/package.json
7 silly cache add args [ 'bower', null ]
8 verbose cache add spec bower
9 silly cache add parsed spec { raw: 'bower',
9 silly cache add   scope: null,
9 silly cache add   name: 'bower',
9 silly cache add   rawSpec: '',
9 silly cache add   spec: '*',
9 silly cache add   type: 'range' }
10 silly addNamed bower@*
11 verbose addNamed "*" is a valid semver range for bower
12 silly addNameRange { name: 'bower', range: '*', hasData: false }
13 silly mapToRegistry name bower
14 silly mapToRegistry using default registry
15 silly mapToRegistry registry https://registry.npmjs.org/
16 silly mapToRegistry uri https://registry.npmjs.org/bower
17 verbose addNameRange registry:https://registry.npmjs.org/bower not in flight; fetching
18 verbose request uri https://registry.npmjs.org/bower
19 verbose request no auth needed
20 info attempt registry request try #1 at 12:43:11
21 verbose request id 808782c58dc42582
22 verbose etag "ORY6MZ83PKGOE5M48YDC1HFJ"
23 http request GET https://registry.npmjs.org/bower
24 http 200 https://registry.npmjs.org/bower
25 silly get cb [ 200,
25 silly get   { server: 'CouchDB/1.5.0 (Erlang OTP/R16B03)',
25 silly get     etag: '"9IRK1DZN27I6Y4M3UB4Y5DF8O"',
25 silly get     'content-type': 'application/json',
25 silly get     'cache-control': 'max-age=300',
25 silly get     'content-length': '168868',
25 silly get     'accept-ranges': 'bytes',
25 silly get     date: 'Sun, 07 Feb 2016 07:13:10 GMT',
25 silly get     via: '1.1 varnish',
25 silly get     age: '32',
25 silly get     connection: 'keep-alive',
25 silly get     'x-served-by': 'cache-sin6926-SIN',
25 silly get     'x-cache': 'HIT',
25 silly get     'x-cache-hits': '3',
25 silly get     'x-timer': 'S1454829190.954953,VS0,VE0',
25 silly get     vary: 'Accept' } ]
26 verbose get saving bower to /Users/abhishekkannojia/.npm/registry.npmjs.org/bower/.cache.json
27 silly addNameRange number 2 { name: 'bower', range: '*', hasData: true }
28 silly addNameRange versions [ 'bower',
28 silly addNameRange   [ '0.1.0',
28 silly addNameRange     '0.1.2',
28 silly addNameRange     '0.1.3',
28 silly addNameRange     '0.2.0',
28 silly addNameRange     '0.3.0',
28 silly addNameRange     '0.3.1',
28 silly addNameRange     '0.3.2',
28 silly addNameRange     '0.4.0',
28 silly addNameRange     '0.5.0',
28 silly addNameRange     '0.5.1',
28 silly addNameRange     '0.6.0',
28 silly addNameRange     '0.6.1',
28 silly addNameRange     '0.6.2',
28 silly addNameRange     '0.6.3',
28 silly addNameRange     '0.6.4',
28 silly addNameRange     '0.6.5',
28 silly addNameRange     '0.6.6',
28 silly addNameRange     '0.6.7',
28 silly addNameRange     '0.6.8',
28 silly addNameRange     '0.7.0',
28 silly addNameRange     '0.7.1',
28 silly addNameRange     '0.8.0',
28 silly addNameRange     '0.8.1',
28 silly addNameRange     '0.8.2',
28 silly addNameRange     '0.8.3',
28 silly addNameRange     '0.8.4',
28 silly addNameRange     '0.8.5',
28 silly addNameRange     '0.8.6',
28 silly addNameRange     '0.9.0',
28 silly addNameRange     '0.9.1',
28 silly addNameRange     '0.9.2',
28 silly addNameRange     '0.10.0',
28 silly addNameRange     '1.0.0',
28 silly addNameRange     '1.0.1',
28 silly addNameRange     '1.0.2',
28 silly addNameRange     '1.0.3',
28 silly addNameRange     '1.1.0',
28 silly addNameRange     '1.1.1',
28 silly addNameRange     '1.1.2',
28 silly addNameRange     '1.2.0',
28 silly addNameRange     '1.2.1',
28 silly addNameRange     '1.2.2',
28 silly addNameRange     '1.2.3',
28 silly addNameRange     '1.2.4',
28 silly addNameRange     '1.2.5',
28 silly addNameRange     '1.2.6',
28 silly addNameRange     '1.2.7',
28 silly addNameRange     '1.2.8',
28 silly addNameRange     '1.3.0',
28 silly addNameRange     '1.3.1',
28 silly addNameRange     '1.3.2',
28 silly addNameRange     '1.3.3',
28 silly addNameRange     '1.3.4',
28 silly addNameRange     '1.3.5',
28 silly addNameRange     '1.3.6',
28 silly addNameRange     '1.3.7',
28 silly addNameRange     '1.3.8',
28 silly addNameRange     '1.3.9',
28 silly addNameRange     '1.3.10',
28 silly addNameRange     '1.3.11',
28 silly addNameRange     '1.3.12',
28 silly addNameRange     '1.4.0',
28 silly addNameRange     '1.4.1',
28 silly addNameRange     '1.5.0',
28 silly addNameRange     '1.5.1',
28 silly addNameRange     '1.5.2',
28 silly addNameRange     '1.5.3',
28 silly addNameRange     '1.6.2',
28 silly addNameRange     '1.6.3',
28 silly addNameRange     '1.6.4',
28 silly addNameRange     '1.6.5',
28 silly addNameRange     '1.5.4',
28 silly addNameRange     '1.4.2',
28 silly addNameRange     '1.6.6',
28 silly addNameRange     '1.6.7',
28 silly addNameRange     '1.6.8',
28 silly addNameRange     '1.6.9',
28 silly addNameRange     '1.7.0',
28 silly addNameRange     '1.7.1',
28 silly addNameRange     '1.7.2',
28 silly addNameRange     '1.7.5',
28 silly addNameRange     '1.7.6',
28 silly addNameRange     '1.7.7' ] ]
29 silly addNamed bower@1.7.7
30 verbose addNamed "1.7.7" is a plain semver version for bower
31 silly mapToRegistry name bower
32 silly mapToRegistry using default registry
33 silly mapToRegistry registry https://registry.npmjs.org/
34 silly mapToRegistry uri https://registry.npmjs.org/bower
35 verbose addRemoteTarball https://registry.npmjs.org/bower/-/bower-1.7.7.tgz not in flight; adding
36 verbose addRemoteTarball [ 'https://registry.npmjs.org/bower/-/bower-1.7.7.tgz',
36 verbose addRemoteTarball   '2fd7ff3ebdcba5a8ffcd84c397c8fdfe9f825f92' ]
37 info retry fetch attempt 1 at 12:43:12
38 info attempt registry request try #1 at 12:43:12
39 http fetch GET https://registry.npmjs.org/bower/-/bower-1.7.7.tgz
40 http fetch 200 https://registry.npmjs.org/bower/-/bower-1.7.7.tgz
41 silly fetchAndShaCheck shasum 2fd7ff3ebdcba5a8ffcd84c397c8fdfe9f825f92
42 verbose addTmpTarball /var/folders/dc/z12z5whj5w1_p1slf1d0zh1c0000gn/T/npm-47732-4fa4d301/registry.npmjs.org/bower/-/bower-1.7.7.tgz not in flight; adding
43 verbose addTmpTarball already have metadata; skipping unpack for bower@1.7.7
44 silly cache afterAdd bower@1.7.7
45 verbose afterAdd /Users/abhishekkannojia/.npm/bower/1.7.7/package/package.json not in flight; writing
46 verbose afterAdd /Users/abhishekkannojia/.npm/bower/1.7.7/package/package.json written
47 silly install resolved [ { name: 'bower',
47 silly install resolved     version: '1.7.7',
47 silly install resolved     description: 'The browser package manager',
47 silly install resolved     author: { name: 'Twitter' },
47 silly install resolved     license: 'MIT',
47 silly install resolved     repository: { type: 'git', url: 'git+https://github.com/bower/bower.git' },
47 silly install resolved     main: 'lib',
47 silly install resolved     bin: { bower: 'bin/bower' },
47 silly install resolved     homepage: 'http://bower.io',
47 silly install resolved     engines: { node: '>=0.10.0' },
47 silly install resolved     keywords: [ 'bower' ],
47 silly install resolved     files: [ 'bin', 'lib' ],
47 silly install resolved     bugs: { url: 'https://github.com/bower/bower/issues' },
47 silly install resolved     _id: 'bower@1.7.7',
47 silly install resolved     scripts: {},
47 silly install resolved     _shasum: '2fd7ff3ebdcba5a8ffcd84c397c8fdfe9f825f92',
47 silly install resolved     _from: 'bower@*',
47 silly install resolved     _npmVersion: '3.5.3',
47 silly install resolved     _nodeVersion: '4.1.1',
47 silly install resolved     _npmUser: { name: 'sheerun', email: 'sheerun@sher.pl' },
47 silly install resolved     dist:
47 silly install resolved      { shasum: '2fd7ff3ebdcba5a8ffcd84c397c8fdfe9f825f92',
47 silly install resolved        tarball: 'http://registry.npmjs.org/bower/-/bower-1.7.7.tgz' },
47 silly install resolved     maintainers:
47 silly install resolved      [ [Object],
47 silly install resolved        [Object],
47 silly install resolved        [Object],
47 silly install resolved        [Object],
47 silly install resolved        [Object],
47 silly install resolved        [Object],
47 silly install resolved        [Object] ],
47 silly install resolved     directories: {},
47 silly install resolved     _resolved: 'https://registry.npmjs.org/bower/-/bower-1.7.7.tgz' } ]
48 info install bower@1.7.7 into /usr/local/lib
49 info installOne bower@1.7.7
50 verbose installOne of bower to /usr/local/lib not in flight; installing
51 verbose lock using /Users/abhishekkannojia/.npm/_locks/bower-e8debc5417026b57.lock for /usr/local/lib/node_modules/bower
52 silly install write writing bower 1.7.7 to /usr/local/lib/node_modules/bower
53 verbose unbuild lib/node_modules/bower
54 info preuninstall bower@1.7.2
55 info uninstall bower@1.7.2
56 verbose unbuild rmStuff bower@1.7.2 from /usr/local/lib/node_modules
57 silly gentlyRm /usr/local/bin/bower is being gently removed
58 silly gentlyRm verifying /usr/local is an npm working directory
59 silly gentlyRm containing path /usr/local is under npm's control, in /usr/local
60 silly gentlyRm deletion target /usr/local/bin/bower is under /usr/local
61 verbose gentlyRm vacuuming from /usr/local/bin/bower up to /usr/local
62 silly vacuum-fs removing /usr/local/bin/bower
63 silly vacuum-fs quitting because other entries in /usr/local/bin
64 info postuninstall bower@1.7.2
65 silly gentlyRm /usr/local/lib/node_modules/bower is being purged from base /usr/local
66 verbose gentlyRm don't care about contents; nuking /usr/local/lib/node_modules/bower
67 silly vacuum-fs purging /usr/local/lib/node_modules/bower
68 verbose unlock done using /Users/abhishekkannojia/.npm/_locks/bower-e8debc5417026b57.lock for /usr/local/lib/node_modules/bower
69 verbose stack Error: EACCES, unlink '/usr/local/lib/node_modules/bower/CHANGELOG.md'
69 verbose stack     at Error (native)
70 verbose cwd /Users/abhishekkannojia/Sites/cd-marketing-automation/querybuilder2
71 error Darwin 15.2.0
72 error argv "node" "/usr/local/bin/npm" "install" "-g" "bower"
73 error node v0.12.6
74 error npm  v2.12.1
75 error path /usr/local/lib/node_modules/bower/CHANGELOG.md
76 error code EACCES
77 error errno -13
78 error Error: EACCES, unlink '/usr/local/lib/node_modules/bower/CHANGELOG.md'
78 error     at Error (native)
78 error  { [Error: EACCES, unlink '/usr/local/lib/node_modules/bower/CHANGELOG.md']
78 error   errno: -13,
78 error   code: 'EACCES',
78 error   path: '/usr/local/lib/node_modules/bower/CHANGELOG.md' }
79 error Please try running this command again as root/Administrator.
80 verbose exit [ -13, true ]
81 verbose unbuild lib/node_modules/bower
82 info preuninstall bower@1.7.2
83 info uninstall bower@1.7.2
84 verbose unbuild rmStuff bower@1.7.2 from /usr/local/lib/node_modules
85 silly gentlyRm /usr/local/bin/bower is being gently removed
86 silly gentlyRm verifying /usr/local is an npm working directory
87 silly gentlyRm containing path /usr/local is under npm's control, in /usr/local
88 silly gentlyRm deletion target /usr/local/bin/bower is under /usr/local
89 verbose gentlyRm vacuuming from /usr/local/bin/bower up to /usr/local
90 info postuninstall bower@1.7.2
91 silly gentlyRm /usr/local/lib/node_modules/bower is being purged from base /usr/local
92 verbose gentlyRm don't care about contents; nuking /usr/local/lib/node_modules/bower
93 silly vacuum-fs purging /usr/local/lib/node_modules/bower
94 error error rolling back Error: EACCES, unlink '/usr/local/lib/node_modules/bower/CHANGELOG.md'
94 error error rolling back     at Error (native)
94 error error rolling back  { [Error: EACCES, unlink '/usr/local/lib/node_modules/bower/CHANGELOG.md']
94 error error rolling back   errno: -13,
94 error error rolling back   code: 'EACCES',
94 error error rolling back   path: '/usr/local/lib/node_modules/bower/CHANGELOG.md' }
